app/build/intermediates/manifest_merge_blame_file/debug/manifest-merger-blame-debug-report.txt
1<?xml version="1.0" encoding="utf-8"?>
2<manifest xmlns:android="http://schemas.android.com/apk/res/android"
3    package="com.example.askmenow"
4    android:versionCode="1"
5    android:versionName="1.0" >
6
7    <uses-sdk
8        android:minSdkVersion="30"
8-->src\main\AndroidManifest.xml
9        android:targetSdkVersion="33" />
9-->src\main\AndroidManifest.xml
10
11    <!-- Include required permissions for Google Maps API to run. -->
12    <uses-permission android:name="android.permission.ACCESS_NETWORK_STATE" />
12-->[com.google.android.gms:play-services-maps:18.1.0] AndroidManifest.xml:23:5-79
12-->[com.google.android.gms:play-services-maps:18.1.0] AndroidManifest.xml:23:22-76
13    <uses-permission android:name="android.permission.INTERNET" />
13-->[com.google.android.gms:play-services-maps:18.1.0] AndroidManifest.xml:24:5-67
13-->[com.google.android.gms:play-services-maps:18.1.0] AndroidManifest.xml:24:22-64
14
15    <uses-feature
15-->[com.google.android.gms:play-services-maps:18.1.0] AndroidManifest.xml:26:5-28:35
16        android:glEsVersion="0x00020000"
16-->[com.google.android.gms:play-services-maps:18.1.0] AndroidManifest.xml:27:9-41
17        android:required="true" />
17-->[com.google.android.gms:play-services-maps:18.1.0] AndroidManifest.xml:28:9-32
18
19    <queries>
19-->[com.google.android.gms:play-services-maps:18.1.0] AndroidManifest.xml:30:5-34:15
20
21        <!-- Needs to be explicitly declared on Android R+ -->
22        <package android:name="com.google.android.apps.maps" />
22-->[com.google.android.gms:play-services-maps:18.1.0] AndroidManifest.xml:33:9-64
22-->[com.google.android.gms:play-services-maps:18.1.0] AndroidManifest.xml:33:18-61
23    </queries>
24
25    <uses-permission android:name="android.permission.POST_NOTIFICATIONS" />
25-->[com.google.firebase:firebase-messaging:23.1.2] AndroidManifest.xml:25:5-77
25-->[com.google.firebase:firebase-messaging:23.1.2] AndroidManifest.xml:25:22-74
26    <uses-permission android:name="android.permission.WAKE_LOCK" /> <!-- Required by older versions of Google Play services to create IID tokens -->
26-->[com.google.firebase:firebase-messaging:23.1.2] AndroidManifest.xml:26:5-68
26-->[com.google.firebase:firebase-messaging:23.1.2] AndroidManifest.xml:26:22-65
27    <uses-permission android:name="com.google.android.c2dm.permission.RECEIVE" />
27-->[com.google.firebase:firebase-messaging:23.1.2] AndroidManifest.xml:28:5-82
27-->[com.google.firebase:firebase-messaging:23.1.2] AndroidManifest.xml:28:22-79
28
29    <permission
29-->[androidx.core:core:1.9.0] AndroidManifest.xml:22:5-24:47
30        android:name="com.example.askmenow.DYNAMIC_RECEIVER_NOT_EXPORTED_PERMISSION"
30-->[androidx.core:core:1.9.0] AndroidManifest.xml:23:9-81
31        android:protectionLevel="signature" />
31-->[androidx.core:core:1.9.0] AndroidManifest.xml:24:9-44
32
33    <uses-permission android:name="com.example.askmenow.DYNAMIC_RECEIVER_NOT_EXPORTED_PERMISSION" />
33-->[androidx.core:core:1.9.0] AndroidManifest.xml:26:5-97
33-->[androidx.core:core:1.9.0] AndroidManifest.xml:26:22-94
34
35    <application
35-->src\main\AndroidManifest.xml:5:5-68:19
36        android:allowBackup="true"
36-->src\main\AndroidManifest.xml:6:9-35
37        android:appComponentFactory="androidx.core.app.CoreComponentFactory"
37-->[androidx.core:core:1.9.0] AndroidManifest.xml:28:18-86
38        android:dataExtractionRules="@xml/data_extraction_rules"
38-->src\main\AndroidManifest.xml:7:9-65
39        android:debuggable="true"
40        android:extractNativeLibs="false"
41        android:fullBackupContent="@xml/backup_rules"
41-->src\main\AndroidManifest.xml:8:9-54
42        android:icon="@mipmap/ic_launcher"
42-->src\main\AndroidManifest.xml:9:9-43
43        android:label="@string/app_name"
43-->src\main\AndroidManifest.xml:10:9-41
44        android:supportsRtl="true"
44-->src\main\AndroidManifest.xml:11:9-35
45        android:testOnly="true"
46        android:theme="@style/Theme.AskMeNow" >
46-->src\main\AndroidManifest.xml:12:9-46
47
48        <!--
49             TODO: Before you run your application, you need a Google Maps API key.
50
51             To get one, follow the directions here:
52
53                https://developers.google.com/maps/documentation/android-sdk/get-api-key
54
55             Once you have your API key (it starts with "AIza"), define a new property in your
56             project's local.properties file (e.g. MAPS_API_KEY=Aiza...), and replace the
57             "YOUR_API_KEY" string in this file with "${MAPS_API_KEY}".
58        -->
59        <meta-data
60            android:name="com.google.android.geo.API_KEY"
60-->src\main\AndroidManifest.xml:26:13-58
61            android:value="AIzaSyC1Mk78TRBBocMcwVshCri_Z2q9VlJ5eGI" />
61-->src\main\AndroidManifest.xml:27:13-44
62
63        <activity
63-->src\main\AndroidManifest.xml:29:9-38:20
64            android:name="com.example.askmenow.activities.SignInActivity"
64-->src\main\AndroidManifest.xml:30:13-54
65            android:exported="true"
65-->src\main\AndroidManifest.xml:31:13-36
66            android:label="@string/title_activity_sign_in" >
66-->src\main\AndroidManifest.xml:32:13-59
67            <intent-filter>
67-->src\main\AndroidManifest.xml:33:13-37:29
68                <action android:name="android.intent.action.MAIN" />
68-->src\main\AndroidManifest.xml:34:17-69
68-->src\main\AndroidManifest.xml:34:25-66
69
70                <category android:name="android.intent.category.LAUNCHER" />
70-->src\main\AndroidManifest.xml:36:17-77
70-->src\main\AndroidManifest.xml:36:27-74
71            </intent-filter>
72        </activity>
73        <activity
73-->src\main\AndroidManifest.xml:39:9-42:62
74            android:name="com.example.askmenow.activities.SignUpActivity"
74-->src\main\AndroidManifest.xml:40:13-54
75            android:exported="true"
75-->src\main\AndroidManifest.xml:41:13-36
76            android:label="@string/title_activity_sign_up" />
76-->src\main\AndroidManifest.xml:42:13-59
77        <activity
77-->src\main\AndroidManifest.xml:43:9-46:58
78            android:name="com.example.askmenow.activities.MainActivity"
78-->src\main\AndroidManifest.xml:44:13-52
79            android:exported="true"
79-->src\main\AndroidManifest.xml:45:13-36
80            android:label="@string/title_activity_main" />
80-->src\main\AndroidManifest.xml:46:13-56
81        <activity
81-->src\main\AndroidManifest.xml:47:9-50:60
82            android:name="com.example.askmenow.activities.UsersActivity"
82-->src\main\AndroidManifest.xml:48:13-53
83            android:exported="true"
83-->src\main\AndroidManifest.xml:49:13-36
84            android:label="@string/title_activity_users" />
84-->src\main\AndroidManifest.xml:50:13-57
85        <activity
85-->src\main\AndroidManifest.xml:51:9-55:58
86            android:name="com.example.askmenow.activities.ChatActivity"
86-->src\main\AndroidManifest.xml:52:13-52
87            android:exported="true"
87-->src\main\AndroidManifest.xml:54:13-36
88            android:label="@string/title_activity_chat"
88-->src\main\AndroidManifest.xml:55:13-56
89            android:windowSoftInputMode="adjustResize" />
89-->src\main\AndroidManifest.xml:53:13-55
90        <activity
90-->src\main\AndroidManifest.xml:56:9-59:59
91            android:name="com.example.askmenow.activities.MapsActivity"
91-->src\main\AndroidManifest.xml:57:13-52
92            android:exported="true"
92-->src\main\AndroidManifest.xml:58:13-36
93            android:label="@string/title_activity_maps" />
93-->src\main\AndroidManifest.xml:59:13-56
94
95        <service
95-->src\main\AndroidManifest.xml:61:9-67:19
96            android:name="com.example.askmenow.firebase.DirectMessagesService"
96-->src\main\AndroidManifest.xml:62:13-59
97            android:exported="false" >
97-->src\main\AndroidManifest.xml:63:13-37
98            <intent-filter>
98-->src\main\AndroidManifest.xml:64:13-66:29
99                <action android:name="com.google.firebase.MESSAGING_EVENT" />
99-->src\main\AndroidManifest.xml:65:17-78
99-->src\main\AndroidManifest.xml:65:25-75
100            </intent-filter>
101        </service>
102        <!-- Needs to be explicitly declared on P+ -->
103        <uses-library
103-->[com.google.android.gms:play-services-maps:18.1.0] AndroidManifest.xml:39:9-41:40
104            android:name="org.apache.http.legacy"
104-->[com.google.android.gms:play-services-maps:18.1.0] AndroidManifest.xml:40:13-50
105            android:required="false" />
105-->[com.google.android.gms:play-services-maps:18.1.0] AndroidManifest.xml:41:13-37
106
107        <receiver
107-->[com.google.firebase:firebase-messaging:23.1.2] AndroidManifest.xml:31:9-38:20
108            android:name="com.google.firebase.iid.FirebaseInstanceIdReceiver"
108-->[com.google.firebase:firebase-messaging:23.1.2] AndroidManifest.xml:32:13-78
109            android:exported="true"
109-->[com.google.firebase:firebase-messaging:23.1.2] AndroidManifest.xml:33:13-36
110            android:permission="com.google.android.c2dm.permission.SEND" >
110-->[com.google.firebase:firebase-messaging:23.1.2] AndroidManifest.xml:34:13-73
111            <intent-filter>
111-->[com.google.firebase:firebase-messaging:23.1.2] AndroidManifest.xml:35:13-37:29
112                <action android:name="com.google.android.c2dm.intent.RECEIVE" />
112-->[com.google.firebase:firebase-messaging:23.1.2] AndroidManifest.xml:36:17-81
112-->[com.google.firebase:firebase-messaging:23.1.2] AndroidManifest.xml:36:25-78
113            </intent-filter>
114        </receiver>
115        <!--
116             FirebaseMessagingService performs security checks at runtime,
117             but set to not exported to explicitly avoid allowing another app to call it.
118        -->
119        <service
119-->[com.google.firebase:firebase-messaging:23.1.2] AndroidManifest.xml:44:9-51:19
120            android:name="com.google.firebase.messaging.FirebaseMessagingService"
120-->[com.google.firebase:firebase-messaging:23.1.2] AndroidManifest.xml:45:13-82
121            android:directBootAware="true"
121-->[com.google.firebase:firebase-messaging:23.1.2] AndroidManifest.xml:46:13-43
122            android:exported="false" >
122-->[com.google.firebase:firebase-messaging:23.1.2] AndroidManifest.xml:47:13-37
123            <intent-filter android:priority="-500" >
123-->src\main\AndroidManifest.xml:64:13-66:29
124                <action android:name="com.google.firebase.MESSAGING_EVENT" />
124-->src\main\AndroidManifest.xml:65:17-78
124-->src\main\AndroidManifest.xml:65:25-75
125            </intent-filter>
126        </service>
127        <service
127-->[com.google.firebase:firebase-messaging:23.1.2] AndroidManifest.xml:52:9-58:19
128            android:name="com.google.firebase.components.ComponentDiscoveryService"
128-->[com.google.firebase:firebase-messaging:23.1.2] AndroidManifest.xml:53:13-84
129            android:directBootAware="true"
129-->[com.google.firebase:firebase-common:20.3.2] AndroidManifest.xml:34:13-43
130            android:exported="false" >
130-->[com.google.firebase:firebase-messaging:23.1.2] AndroidManifest.xml:54:13-37
131            <meta-data
131-->[com.google.firebase:firebase-messaging:23.1.2] AndroidManifest.xml:55:13-57:85
132                android:name="com.google.firebase.components:com.google.firebase.messaging.FirebaseMessagingRegistrar"
132-->[com.google.firebase:firebase-messaging:23.1.2] AndroidManifest.xml:56:17-119
133                android:value="com.google.firebase.components.ComponentRegistrar" />
133-->[com.google.firebase:firebase-messaging:23.1.2] AndroidManifest.xml:57:17-82
134            <meta-data
134-->[com.google.firebase:firebase-firestore-ktx:24.4.5] AndroidManifest.xml:14:13-16:85
135                android:name="com.google.firebase.components:com.google.firebase.firestore.ktx.FirebaseFirestoreKtxRegistrar"
135-->[com.google.firebase:firebase-firestore-ktx:24.4.5] AndroidManifest.xml:15:17-126
136                android:value="com.google.firebase.components.ComponentRegistrar" />
136-->[com.google.firebase:firebase-firestore-ktx:24.4.5] AndroidManifest.xml:16:17-82
137            <meta-data
137-->[com.google.firebase:firebase-firestore:24.4.5] AndroidManifest.xml:19:13-21:85
138                android:name="com.google.firebase.components:com.google.firebase.firestore.FirestoreRegistrar"
138-->[com.google.firebase:firebase-firestore:24.4.5] AndroidManifest.xml:20:17-111
139                android:value="com.google.firebase.components.ComponentRegistrar" />
139-->[com.google.firebase:firebase-firestore:24.4.5] AndroidManifest.xml:21:17-82
140            <meta-data
140-->[com.google.firebase:firebase-storage-ktx:20.1.0] AndroidManifest.xml:14:13-16:85
141                android:name="com.google.firebase.components:com.google.firebase.storage.ktx.FirebaseStorageKtxRegistrar"
141-->[com.google.firebase:firebase-storage-ktx:20.1.0] AndroidManifest.xml:15:17-122
142                android:value="com.google.firebase.components.ComponentRegistrar" />
142-->[com.google.firebase:firebase-storage-ktx:20.1.0] AndroidManifest.xml:16:17-82
143            <meta-data
143-->[com.google.firebase:firebase-storage:20.1.0] AndroidManifest.xml:32:13-34:85
144                android:name="com.google.firebase.components:com.google.firebase.storage.StorageRegistrar"
144-->[com.google.firebase:firebase-storage:20.1.0] AndroidManifest.xml:33:17-107
145                android:value="com.google.firebase.components.ComponentRegistrar" />
145-->[com.google.firebase:firebase-storage:20.1.0] AndroidManifest.xml:34:17-82
146            <meta-data
146-->[com.google.firebase:firebase-datatransport:18.1.7] AndroidManifest.xml:27:13-29:85
147                android:name="com.google.firebase.components:com.google.firebase.datatransport.TransportRegistrar"
147-->[com.google.firebase:firebase-datatransport:18.1.7] AndroidManifest.xml:28:17-115
148                android:value="com.google.firebase.components.ComponentRegistrar" />
148-->[com.google.firebase:firebase-datatransport:18.1.7] AndroidManifest.xml:29:17-82
149            <meta-data
149-->[com.google.firebase:firebase-installations:17.1.3] AndroidManifest.xml:17:13-19:85
150                android:name="com.google.firebase.components:com.google.firebase.installations.FirebaseInstallationsRegistrar"
150-->[com.google.firebase:firebase-installations:17.1.3] AndroidManifest.xml:18:17-127
151                android:value="com.google.firebase.components.ComponentRegistrar" />
151-->[com.google.firebase:firebase-installations:17.1.3] AndroidManifest.xml:19:17-82
152            <meta-data
152-->[com.google.firebase:firebase-common-ktx:20.3.2] AndroidManifest.xml:14:13-16:85
153                android:name="com.google.firebase.components:com.google.firebase.ktx.FirebaseCommonKtxRegistrar"
153-->[com.google.firebase:firebase-common-ktx:20.3.2] AndroidManifest.xml:15:17-113
154                android:value="com.google.firebase.components.ComponentRegistrar" />
154-->[com.google.firebase:firebase-common-ktx:20.3.2] AndroidManifest.xml:16:17-82
155        </service>
156
157        <activity
157-->[com.google.android.gms:play-services-base:18.0.1] AndroidManifest.xml:20:9-22:45
158            android:name="com.google.android.gms.common.api.GoogleApiActivity"
158-->[com.google.android.gms:play-services-base:18.0.1] AndroidManifest.xml:20:19-85
159            android:exported="false"
159-->[com.google.android.gms:play-services-base:18.0.1] AndroidManifest.xml:22:19-43
160            android:theme="@android:style/Theme.Translucent.NoTitleBar" />
160-->[com.google.android.gms:play-services-base:18.0.1] AndroidManifest.xml:21:19-78
161
162        <provider
162-->[com.google.firebase:firebase-common:20.3.2] AndroidManifest.xml:25:9-30:39
163            android:name="com.google.firebase.provider.FirebaseInitProvider"
163-->[com.google.firebase:firebase-common:20.3.2] AndroidManifest.xml:26:13-77
164            android:authorities="com.example.askmenow.firebaseinitprovider"
164-->[com.google.firebase:firebase-common:20.3.2] AndroidManifest.xml:27:13-72
165            android:directBootAware="true"
165-->[com.google.firebase:firebase-common:20.3.2] AndroidManifest.xml:28:13-43
166            android:exported="false"
166-->[com.google.firebase:firebase-common:20.3.2] AndroidManifest.xml:29:13-37
167            android:initOrder="100" />
167-->[com.google.firebase:firebase-common:20.3.2] AndroidManifest.xml:30:13-36
168
169        <uses-library
169-->[androidx.window:window:1.0.0] AndroidManifest.xml:25:9-27:40
170            android:name="androidx.window.extensions"
170-->[androidx.window:window:1.0.0] AndroidManifest.xml:26:13-54
171            android:required="false" />
171-->[androidx.window:window:1.0.0] AndroidManifest.xml:27:13-37
172        <uses-library
172-->[androidx.window:window:1.0.0] AndroidManifest.xml:28:9-30:40
173            android:name="androidx.window.sidecar"
173-->[androidx.window:window:1.0.0] AndroidManifest.xml:29:13-51
174            android:required="false" />
174-->[androidx.window:window:1.0.0] AndroidManifest.xml:30:13-37
175
176        <meta-data
176-->[com.google.android.gms:play-services-basement:18.1.0] AndroidManifest.xml:21:9-23:69
177            android:name="com.google.android.gms.version"
177-->[com.google.android.gms:play-services-basement:18.1.0] AndroidManifest.xml:22:13-58
178            android:value="@integer/google_play_services_version" />
178-->[com.google.android.gms:play-services-basement:18.1.0] AndroidManifest.xml:23:13-66
179
180        <service
180-->[com.google.android.datatransport:transport-backend-cct:3.1.8] AndroidManifest.xml:28:9-34:19
181            android:name="com.google.android.datatransport.runtime.backends.TransportBackendDiscovery"
181-->[com.google.android.datatransport:transport-backend-cct:3.1.8] AndroidManifest.xml:29:13-103
182            android:exported="false" >
182-->[com.google.android.datatransport:transport-backend-cct:3.1.8] AndroidManifest.xml:30:13-37
183            <meta-data
183-->[com.google.android.datatransport:transport-backend-cct:3.1.8] AndroidManifest.xml:31:13-33:39
184                android:name="backend:com.google.android.datatransport.cct.CctBackendFactory"
184-->[com.google.android.datatransport:transport-backend-cct:3.1.8] AndroidManifest.xml:32:17-94
185                android:value="cct" />
185-->[com.google.android.datatransport:transport-backend-cct:3.1.8] AndroidManifest.xml:33:17-36
186        </service>
187        <service
187-->[com.google.android.datatransport:transport-runtime:3.1.8] AndroidManifest.xml:26:9-30:19
188            android:name="com.google.android.datatransport.runtime.scheduling.jobscheduling.JobInfoSchedulerService"
188-->[com.google.android.datatransport:transport-runtime:3.1.8] AndroidManifest.xml:27:13-117
189            android:exported="false"
189-->[com.google.android.datatransport:transport-runtime:3.1.8] AndroidManifest.xml:28:13-37
190            android:permission="android.permission.BIND_JOB_SERVICE" >
190-->[com.google.android.datatransport:transport-runtime:3.1.8] AndroidManifest.xml:29:13-69
191        </service>
192
193        <receiver
193-->[com.google.android.datatransport:transport-runtime:3.1.8] AndroidManifest.xml:32:9-34:40
194            android:name="com.google.android.datatransport.runtime.scheduling.jobscheduling.AlarmManagerSchedulerBroadcastReceiver"
194-->[com.google.android.datatransport:transport-runtime:3.1.8] AndroidManifest.xml:33:13-132
195            android:exported="false" />
195-->[com.google.android.datatransport:transport-runtime:3.1.8] AndroidManifest.xml:34:13-37
196
197        <provider
197-->[androidx.emoji2:emoji2:1.2.0] AndroidManifest.xml:24:9-32:20
198            android:name="androidx.startup.InitializationProvider"
198-->[androidx.emoji2:emoji2:1.2.0] AndroidManifest.xml:25:13-67
199            android:authorities="com.example.askmenow.androidx-startup"
199-->[androidx.emoji2:emoji2:1.2.0] AndroidManifest.xml:26:13-68
200            android:exported="false" >
200-->[androidx.emoji2:emoji2:1.2.0] AndroidManifest.xml:27:13-37
201            <meta-data
201-->[androidx.emoji2:emoji2:1.2.0] AndroidManifest.xml:29:13-31:52
202                android:name="androidx.emoji2.text.EmojiCompatInitializer"
202-->[androidx.emoji2:emoji2:1.2.0] AndroidManifest.xml:30:17-75
203                android:value="androidx.startup" />
203-->[androidx.emoji2:emoji2:1.2.0] AndroidManifest.xml:31:17-49
204            <meta-data
204-->[androidx.lifecycle:lifecycle-process:2.4.1] AndroidManifest.xml:31:13-33:52
205                android:name="androidx.lifecycle.ProcessLifecycleInitializer"
205-->[androidx.lifecycle:lifecycle-process:2.4.1] AndroidManifest.xml:32:17-78
206                android:value="androidx.startup" />
206-->[androidx.lifecycle:lifecycle-process:2.4.1] AndroidManifest.xml:33:17-49
207        </provider>
208    </application>
209
210</manifest>